[debug] > Exec(early(addDefaultCommands), None, None)
[debug] > Exec(addDefaultCommands, None, None)
[debug] > Exec(early(initialize), None, None)
[debug] > Exec(initialize, None, None)
[debug] > Exec(boot, None, None)
[debug] > Exec(writeSbtVersion, None, None)
[debug] > Exec(reload, None, None)
[debug] > Exec(sbtStashOnFailure, None, None)
[debug] > Exec(onFailure loadFailed, None, None)
[debug] > Exec(loadp, None, None)
[info] welcome to sbt 1.10.4 (Oracle Corporation Java 1.8.0_421)
[debug] Load.defaultLoad until apply took 341.5087ms
[debug]           Load.loadUnit: plugins took 259.0092ms
[debug]           Load.loadUnit: defsScala took 0.5653ms
[debug] [Loading] Scanning directory C:\Users\Dell\IdeaProjects\Graphex_pageRank\Consumer\project
[debug] [Loading] Found non-root projects 
[debug] [Loading] Done in C:\Users\Dell\IdeaProjects\Graphex_pageRank\Consumer\project, returning: ()
[debug] deducing auto plugins based on known facts Set(Atom(sbt.plugins.CorePlugin)) and clauses Clauses(Clause(Atom(sbt.plugins.JvmPlugin),Set(Atom(sbt.plugins.IvyPlugin)))
[debug] Clause(Atom(sbt.ScriptedPlugin),Set(Atom(sbt.plugins.JvmPlugin)))
[debug] Clause(Atom(sbt.plugins.SbtPlugin),Set(Atom(sbt.ScriptedPlugin)))
[debug] Clause(Atom(sbt.plugins.SemanticdbPlugin),Set(Atom(sbt.plugins.JvmPlugin)))
[debug] Clause(Atom(sbt.plugins.JUnitXmlReportPlugin),Set(Atom(sbt.plugins.JvmPlugin)))
[debug] Clause(Atom(sbt.plugins.MiniDependencyTreePlugin),Set(Atom(sbt.plugins.JvmPlugin)))
[debug] Clause(Atom(sbt.plugins.CorePlugin),Set(Atom(sbt.plugins.IvyPlugin)))
[debug] Clause(Atom(sbt.plugins.IvyPlugin),Set(Atom(sbt.plugins.JvmPlugin)))
[debug] Clause(Atom(sbt.plugins.JvmPlugin),Set(Atom(sbt.plugins.SemanticdbPlugin)))
[debug] Clause(Atom(sbt.plugins.JvmPlugin),Set(Atom(sbt.plugins.JUnitXmlReportPlugin)))
[debug] Clause(Atom(sbt.plugins.CorePlugin),Set(Atom(sbt.plugins.Giter8TemplatePlugin)))
[debug] Clause(Atom(sbt.plugins.JvmPlugin),Set(Atom(sbt.plugins.MiniDependencyTreePlugin))))
[debug]   :: deduced result: Matched(sbt.plugins.CorePlugin,sbt.plugins.Giter8TemplatePlugin,sbt.plugins.IvyPlugin,sbt.plugins.JvmPlugin,sbt.plugins.MiniDependencyTreePlugin,sbt.plugins.JUnitXmlReportPlugin,sbt.plugins.SemanticdbPlugin)
[debug] Plugins.deducer#function took 29.2088 ms
[debug]               Load.resolveProject(consumer-build) took 58.6902ms
[debug]             Load.loadTransitive: finalizeProject(Project(id consumer-build, base: C:\Users\Dell\IdeaProjects\Graphex_pageRank\Consumer\project, plugins: List(<none>))) took 282.1301ms
[debug] [Loading] Done in C:\Users\Dell\IdeaProjects\Graphex_pageRank\Consumer\project, returning: (consumer-build)
[debug]           Load.loadUnit: loadedProjectsRaw took 350.8629ms
[debug]           Load.loadUnit: cleanEvalClasses took 0.3681ms
[debug]         Load.loadUnit(file:/C:/Users/Dell/IdeaProjects/Graphex_pageRank/Consumer/project/, ...) took 623.4517ms
[debug]       Load.apply: load took 899.0935ms
[debug]       Load.apply: resolveProjects took 10.3657ms
[debug]       Load.apply: finalTransforms took 88.8323ms
[debug]       Load.apply: config.delegates took 9.5293ms
[debug]       Load.apply: Def.make(settings)... took 792.457ms
[debug]       Load.apply: structureIndex took 234.6614ms
[debug]       Load.apply: mkStreams took 2.392ms
[info] loading project definition from C:\Users\Dell\IdeaProjects\Graphex_pageRank\Consumer\project
[debug] Running task... Cancel: Signal, check cycles: false, forcegc: true
